Arguments: 
  C:\Program Files\nodejs\node.exe C:\Users\USER\AppData\Roaming\npm\node_modules\yarn\bin\yarn.js

PATH: 
  C:\Users\USER\bin;C:\Program Files\Git\mingw64\bin;C:\Program Files\Git\usr\local\bin;C:\Program Files\Git\usr\bin;C:\Program Files\Git\usr\bin;C:\Program Files\Git\cmd;C:\WINDOWS\system32;C:\WINDOWS;C:\WINDOWS\System32\Wbem;C:\WINDOWS\System32\WindowsPowerShell\v1.0;C:\WINDOWS\System32\OpenSSH;C:\Program Files\nodejs;C:\Program Files\Git\cmd;C:\Users\USER\AppData\Roaming\npm;C:\Users\USER\AppData\Local\Programs\Python\Python39\Scripts;C:\Users\USER\AppData\Local\Programs\Python\Python39;C:\Users\USER\AppData\Local\Programs\Python\Python39\python.exe;C:\Program Files\MySQL\MySQL Shell 8.0\bin;C:\Users\USER\AppData\Roaming\npm;C:\Users\USER\AppData\Local\Microsoft\WindowsApps;C:\Users\USER\AppData\Local\Programs\Microsoft VS Code\bin;C:\Users\USER\AppData\Local\Programs\Hyper\resources\bin;C:\Program Files\PostgreSQL\14\bin;C:\Program Files\nodejs;C:\Program Files\nodejs\node_modules\npm\bin;C:\Program Files\Git\usr\bin\vendor_perl;C:\Program Files\Git\usr\bin\core_perl

Yarn version: 
  1.22.18

Node version: 
  16.14.0

Platform: 
  win32 x64

Trace: 
  Error: read ECONNRESET
      at TLSWrap.onStreamRead (node:internal/stream_base_commons:217:20)

npm manifest: 
  {
    "name": "providus-app",
    "version": "0.1.0",
    "private": true,
    "dependencies": {
      "@heroicons/react": "^1.0.6",
      "@testing-library/jest-dom": "^5.16.4",
      "@testing-library/react": "^12.1.4",
      "@testing-library/user-event": "^13.5.0",
      "flowbite": "^1.4.1",
      "formik": "^2.2.9",
      "react": "^18.0.0",
      "react-dom": "^18.0.0",
      "react-icons": "^4.3.1",
      "react-router-dom": "^5.3.0",
      "react-scripts": "5.0.0",
      "web-vitals": "^2.1.4",
      "yup": "^0.32.11"
    },
    "scripts": {
      "start": "react-scripts start",
      "build": "react-scripts build",
      "test": "react-scripts test",
      "eject": "react-scripts eject"
    },
    "eslintConfig": {
      "extends": [
        "react-app",
        "react-app/jest"
      ]
    },
    "browserslist": {
      "production": [
        ">0.2%",
        "not dead",
        "not op_mini all"
      ],
      "development": [
        "last 1 chrome version",
        "last 1 firefox version",
        "last 1 safari version"
      ]
    },
    "devDependencies": {
      "autoprefixer": "^10.4.4",
      "postcss": "^8.4.12",
      "tailwindcss": "^3.0.23"
    }
  }

yarn manifest: 
  No manifest

Lockfile: 
  No lockfile
